\BOOKMARK [0][-]{chapter.0}{\376\377\000T\000a\000b\000l\000e\000\040\000o\000f\000\040\000C\000o\000n\000t\000e\000n\000t\000s}{}% 1
\BOOKMARK [0][-]{chapter*.4}{\376\377\000L\000i\000s\000t\000\040\000o\000f\000\040\000T\000a\000b\000l\000e\000s}{}% 2
\BOOKMARK [0][-]{chapter*.5}{\376\377\000L\000i\000s\000t\000\040\000o\000f\000\040\000F\000i\000g\000u\000r\000e\000s}{}% 3
\BOOKMARK [0][-]{chapter*.6}{\376\377\000A\000b\000s\000t\000r\000a\000c\000t}{}% 4
\BOOKMARK [0][-]{chapter.1}{\376\377\0001\000\040\000I\000n\000t\000r\000o\000d\000u\000c\000t\000i\000o\000n}{}% 5
\BOOKMARK [1][-]{section.1.1}{\376\377\0001\000.\0001\000\040\000S\000L\000E\000D\000s\000\040\000B\000a\000c\000k\000g\000r\000o\000u\000n\000d}{chapter.1}% 6
\BOOKMARK [1][-]{section.1.2}{\376\377\0001\000.\0002\000\040\000M\000o\000t\000i\000v\000a\000t\000i\000o\000n}{chapter.1}% 7
\BOOKMARK [0][-]{chapter.2}{\376\377\0002\000\040\000S\000y\000s\000t\000e\000m\000\040\000O\000v\000e\000r\000v\000i\000e\000w}{}% 8
\BOOKMARK [1][-]{section.2.1}{\376\377\0002\000.\0001\000\040\000S\000L\000E\000D\000S\000\040\000A\000r\000r\000a\000y}{chapter.2}% 9
\BOOKMARK [1][-]{section.2.2}{\376\377\0002\000.\0002\000\040\000R\000I\000I\000C\000\040\000O\000v\000e\000r\000v\000i\000e\000w}{chapter.2}% 10
\BOOKMARK [1][-]{section.2.3}{\376\377\0002\000.\0003\000\040\000C\000S\000E\000\040\000O\000v\000e\000r\000v\000i\000e\000w}{chapter.2}% 11
\BOOKMARK [1][-]{section.2.4}{\376\377\0002\000.\0004\000\040\000S\000c\000e\000n\000e\000\040\000G\000e\000n\000e\000r\000a\000t\000i\000o\000n\000\040\000a\000n\000d\000\040\000N\000U\000C\000P\000C}{chapter.2}% 12
\BOOKMARK [0][-]{chapter.3}{\376\377\0003\000\040\000P\000D\000P\000\040\000v\000s\000.\000\040\000C\000o\000n\000v\000e\000n\000t\000i\000o\000n\000a\000l\000\040\000D\000i\000s\000p\000l\000a\000y\000\040\000P\000r\000o\000t\000o\000c\000o\000l\000s}{}% 13
\BOOKMARK [1][-]{section.3.1}{\376\377\0003\000.\0001\000\040\000D\000V\000I\000\040\000\046\000\040\000H\000D\000M\000I}{chapter.3}% 14
\BOOKMARK [1][-]{section.3.2}{\376\377\0003\000.\0002\000\040\000P\000D\000P}{chapter.3}% 15
\BOOKMARK [0][-]{chapter.4}{\376\377\0004\000\040\000C\000S\000E\000\040\000A\000r\000c\000h\000i\000t\000e\000c\000t\000u\000r\000e}{}% 16
\BOOKMARK [1][-]{section.4.1}{\376\377\0004\000.\0001\000\040\000C\000S\000E\000\040\000H\000a\000r\000d\000w\000a\000r\000e\000\040\000O\000v\000e\000r\000v\000i\000e\000w}{chapter.4}% 17
\BOOKMARK [1][-]{section.4.2}{\376\377\0004\000.\0002\000\040\000D\000a\000t\000a\000p\000a\000t\000h}{chapter.4}% 18
\BOOKMARK [0][-]{chapter.5}{\376\377\0005\000\040\000C\000S\000E\000\040\000A\000n\000a\000l\000o\000g\000\040\000C\000o\000m\000p\000o\000n\000e\000n\000t\000s}{}% 19
\BOOKMARK [1][-]{section.5.1}{\376\377\0005\000.\0001\000\040\000A\000n\000a\000l\000o\000g\000\040\000C\000i\000r\000c\000u\000i\000t}{chapter.5}% 20
\BOOKMARK [1][-]{section.5.2}{\376\377\0005\000.\0002\000\040\000U\000n\000d\000e\000r\000s\000t\000a\000n\000d\000i\000n\000g\000\040\000t\000h\000e\000\040\000R\000e\000q\000u\000i\000r\000e\000m\000e\000n\000t\000s}{chapter.5}% 21
\BOOKMARK [1][-]{section.5.3}{\376\377\0005\000.\0003\000\040\000S\000e\000t\000t\000l\000i\000n\000g\000\040\000T\000i\000m\000e}{chapter.5}% 22
\BOOKMARK [1][-]{section.5.4}{\376\377\0005\000.\0004\000\040\000E\000r\000r\000o\000r\000\040\000B\000a\000n\000d}{chapter.5}% 23
\BOOKMARK [0][-]{chapter.6}{\376\377\0006\000\040\000D\000e\000v\000e\000l\000o\000p\000m\000e\000n\000t\000\040\000o\000f\000\040\000T\000e\000s\000t\000i\000n\000g\000\040\000P\000r\000o\000c\000e\000d\000u\000r\000e}{}% 24
\BOOKMARK [0][-]{chapter*.7}{\376\377\000B\000i\000b\000l\000i\000o\000g\000r\000a\000p\000h\000y}{}% 25
\BOOKMARK [0][-]{section*.8}{\376\377\000A\000\040\000T\000i\000t\000l\000e\000\040\000o\000f\000\040\000A\000p\000p\000e\000n\000d\000i\000x}{}% 26
