This is pdfTeX, Version 3.141592653-2.6-1.40.24 (TeX Live 2022) (preloaded format=pdflatex 2022.4.18)  18 APR 2022 22:08
entering extended mode
 restricted \write18 enabled.
 file:line:error style messages enabled.
 %&-line parsing enabled.
**"c:/Users/alext/OneDrive - University of Delaware - o365/Thesis/latex/thesis-main.tex"
(c:/Users/alext/OneDrive - University of Delaware - o365/Thesis/latex/thesis-main.tex
LaTeX2e <2021-11-15> patch level 1
L3 programming layer <2022-04-10> (./udthesis.cls
Document Class: udthesis 2008/7/01 Standard UDThesis LaTeX class
(c:/texlive/2022/texmf-dist/tex/latex/base/report.cls
Document Class: report 2021/10/04 v1.4n Standard LaTeX document class
(c:/texlive/2022/texmf-dist/tex/latex/base/size12.clo
File: size12.clo 2021/10/04 v1.4n Standard LaTeX file (size option)
)
\c@part=\count185
\c@chapter=\count186
\c@section=\count187
\c@subsection=\count188
\c@subsubsection=\count189
\c@paragraph=\count190
\c@subparagraph=\count191
\c@figure=\count192
\c@table=\count193
\abovecaptionskip=\skip47
\belowcaptionskip=\skip48
\bibindent=\dimen138
)
LaTeX Info: Redefining \rm on input line 53.
LaTeX Info: Redefining \sf on input line 54.
LaTeX Info: Redefining \tt on input line 55.
LaTeX Info: Redefining \bf on input line 56.
LaTeX Info: Redefining \it on input line 57.
LaTeX Info: Redefining \sl on input line 58.
LaTeX Info: Redefining \sc on input line 59.
LaTeX Info: Redefining \cal on input line 60.
LaTeX Info: Redefining \mit on input line 61.
\titlebaselineskip=\skip49
) (c:/texlive/2022/texmf-dist/tex/latex/hyperref/hyperref.sty
Package: hyperref 2022-02-21 v7.00n Hypertext links for LaTeX
 (c:/texlive/2022/texmf-dist/tex/generic/ltxcmds/ltxcmds.sty
Package: ltxcmds 2020-05-10 v1.25 LaTeX kernel commands for general use (HO)
) (c:/texlive/2022/texmf-dist/tex/generic/iftex/iftex.sty
Package: iftex 2022/02/03 v1.0f TeX engine tests
) (c:/texlive/2022/texmf-dist/tex/generic/pdftexcmds/pdftexcmds.sty
Package: pdftexcmds 2020-06-27 v0.33 Utility functions of pdfTeX for LuaTeX (HO)
 (c:/texlive/2022/texmf-dist/tex/generic/infwarerr/infwarerr.sty
Package: infwarerr 2019/12/03 v1.5 Providing info/warning/error messages (HO)
)
Package pdftexcmds Info: \pdf@primitive is available.
Package pdftexcmds Info: \pdf@ifprimitive is available.
Package pdftexcmds Info: \pdfdraftmode found.
) (c:/texlive/2022/texmf-dist/tex/latex/graphics/keyval.sty
Package: keyval 2014/10/28 v1.15 key=value parser (DPC)
\KV@toks@=\toks16
) (c:/texlive/2022/texmf-dist/tex/generic/kvsetkeys/kvsetkeys.sty
Package: kvsetkeys 2019/12/15 v1.18 Key value parser (HO)
) (c:/texlive/2022/texmf-dist/tex/generic/kvdefinekeys/kvdefinekeys.sty
Package: kvdefinekeys 2019-12-19 v1.6 Define keys (HO)
) (c:/texlive/2022/texmf-dist/tex/generic/pdfescape/pdfescape.sty
Package: pdfescape 2019/12/09 v1.15 Implements pdfTeX's escape features (HO)
) (c:/texlive/2022/texmf-dist/tex/latex/hycolor/hycolor.sty
Package: hycolor 2020-01-27 v1.10 Color options for hyperref/bookmark (HO)
) (c:/texlive/2022/texmf-dist/tex/latex/letltxmacro/letltxmacro.sty
Package: letltxmacro 2019/12/03 v1.6 Let assignment for LaTeX macros (HO)
) (c:/texlive/2022/texmf-dist/tex/latex/auxhook/auxhook.sty
Package: auxhook 2019-12-17 v1.6 Hooks for auxiliary files (HO)
) (c:/texlive/2022/texmf-dist/tex/latex/kvoptions/kvoptions.sty
Package: kvoptions 2020-10-07 v3.14 Key value format for package options (HO)
)
\@linkdim=\dimen139
\Hy@linkcounter=\count194
\Hy@pagecounter=\count195
 (c:/texlive/2022/texmf-dist/tex/latex/hyperref/pd1enc.def
File: pd1enc.def 2022-02-21 v7.00n Hyperref: PDFDocEncoding definition (HO)
Now handling font encoding PD1 ...
... no UTF-8 mapping file for font encoding PD1
) (c:/texlive/2022/texmf-dist/tex/generic/intcalc/intcalc.sty
Package: intcalc 2019/12/15 v1.3 Expandable calculations with integers (HO)
) (c:/texlive/2022/texmf-dist/tex/generic/etexcmds/etexcmds.sty
Package: etexcmds 2019/12/15 v1.7 Avoid name clashes with e-TeX commands (HO)
)
\Hy@SavedSpaceFactor=\count196
 (c:/texlive/2022/texmf-dist/tex/latex/hyperref/puenc.def
File: puenc.def 2022-02-21 v7.00n Hyperref: PDF Unicode definition (HO)
Now handling font encoding PU ...
... no UTF-8 mapping file for font encoding PU
)
Package hyperref Info: Option `bookmarksnumbered' set `true' on input line 4018.
Package hyperref Info: Option `linktocpage' set `true' on input line 4018.
Package hyperref Info: Option `colorlinks' set `true' on input line 4018.
Package hyperref Info: Option `breaklinks' set `true' on input line 4018.
Package hyperref Info: Hyper figures OFF on input line 4137.
Package hyperref Info: Link nesting OFF on input line 4142.
Package hyperref Info: Hyper index ON on input line 4145.
Package hyperref Info: Plain pages OFF on input line 4152.
Package hyperref Info: Backreferencing OFF on input line 4157.
Package hyperref Info: Implicit mode ON; LaTeX internals redefined.
Package hyperref Info: Bookmarks ON on input line 4390.
\c@Hy@tempcnt=\count197
 (c:/texlive/2022/texmf-dist/tex/latex/url/url.sty
\Urlmuskip=\muskip16
Package: url 2013/09/16  ver 3.4  Verb mode for urls, etc.
)
LaTeX Info: Redefining \url on input line 4749.
\XeTeXLinkMargin=\dimen140
 (c:/texlive/2022/texmf-dist/tex/generic/bitset/bitset.sty
Package: bitset 2019/12/09 v1.3 Handle bit-vector datatype (HO)
 (c:/texlive/2022/texmf-dist/tex/generic/bigintcalc/bigintcalc.sty
Package: bigintcalc 2019/12/15 v1.5 Expandable calculations on big integers (HO)
))
\Fld@menulength=\count198
\Field@Width=\dimen141
\Fld@charsize=\dimen142
Package hyperref Info: Hyper figures OFF on input line 6027.
Package hyperref Info: Link nesting OFF on input line 6032.
Package hyperref Info: Hyper index ON on input line 6035.
Package hyperref Info: backreferencing OFF on input line 6042.
Package hyperref Info: Link coloring ON on input line 6045.
Package hyperref Info: Link coloring with OCG OFF on input line 6052.
Package hyperref Info: PDF/A mode OFF on input line 6057.
LaTeX Info: Redefining \ref on input line 6097.
LaTeX Info: Redefining \pageref on input line 6101.
 (c:/texlive/2022/texmf-dist/tex/latex/base/atbegshi-ltx.sty
Package: atbegshi-ltx 2021/01/10 v1.0c Emulation of the original atbegshi
package with kernel methods
)
\Hy@abspage=\count199
\c@Item=\count266
\c@Hfootnote=\count267
)
Package hyperref Info: Driver (autodetected): hpdftex.
 (c:/texlive/2022/texmf-dist/tex/latex/hyperref/hpdftex.def
File: hpdftex.def 2022-02-21 v7.00n Hyperref driver for pdfTeX
 (c:/texlive/2022/texmf-dist/tex/latex/base/atveryend-ltx.sty
Package: atveryend-ltx 2020/08/19 v1.0a Emulation of the original atveryend package
with kernel methods
)
\Fld@listcount=\count268
\c@bookmark@seq@number=\count269
 (c:/texlive/2022/texmf-dist/tex/latex/rerunfilecheck/rerunfilecheck.sty
Package: rerunfilecheck 2019/12/05 v1.9 Rerun checks for auxiliary files (HO)
 (c:/texlive/2022/texmf-dist/tex/generic/uniquecounter/uniquecounter.sty
Package: uniquecounter 2019/12/15 v1.4 Provide unlimited unique counter (HO)
)
Package uniquecounter Info: New unique counter `rerunfilecheck' on input line 286.
)
\Hy@SectionHShift=\skip50
) (c:/texlive/2022/texmf-dist/tex/latex/oberdiek/hypcap.sty
Package: hypcap 2016/05/16 v1.12 Adjusting the anchors of captions (HO)
) (c:/texlive/2022/texmf-dist/tex/latex/graphics/graphicx.sty
Package: graphicx 2021/09/16 v1.2d Enhanced LaTeX Graphics (DPC,SPQR)
 (c:/texlive/2022/texmf-dist/tex/latex/graphics/graphics.sty
Package: graphics 2021/03/04 v1.4d Standard LaTeX Graphics (DPC,SPQR)
 (c:/texlive/2022/texmf-dist/tex/latex/graphics/trig.sty
Package: trig 2021/08/11 v1.11 sin cos tan (DPC)
) (c:/texlive/2022/texmf-dist/tex/latex/graphics-cfg/graphics.cfg
File: graphics.cfg 2016/06/04 v1.11 sample graphics configuration
)
Package graphics Info: Driver file: pdftex.def on input line 107.
 (c:/texlive/2022/texmf-dist/tex/latex/graphics-def/pdftex.def
File: pdftex.def 2020/10/05 v1.2a Graphics/color driver for pdftex
))
\Gin@req@height=\dimen143
\Gin@req@width=\dimen144
) (c:/texlive/2022/texmf-dist/tex/latex/l3backend/l3backend-pdftex.def
File: l3backend-pdftex.def 2022-04-14 L3 backend support: PDF output (pdfTeX)
\l__color_backend_stack_int=\count270
\l__pdf_internal_box=\box50
) (./thesis-main.aux (./thesis-tap.aux) (./chap1.aux) (./chap2.aux) (./chap3.aux) (./chap4.aux) (./chap5.aux) (./chap6.aux) (./appA.aux) (./appB.aux))
\openout1 = `thesis-main.aux'.

LaTeX Font Info:    Checking defaults for OML/cmm/m/it on input line 13.
LaTeX Font Info:    ... okay on input line 13.
LaTeX Font Info:    Checking defaults for OMS/cmsy/m/n on input line 13.
LaTeX Font Info:    ... okay on input line 13.
LaTeX Font Info:    Checking defaults for OT1/cmr/m/n on input line 13.
LaTeX Font Info:    ... okay on input line 13.
LaTeX Font Info:    Checking defaults for T1/cmr/m/n on input line 13.
LaTeX Font Info:    ... okay on input line 13.
LaTeX Font Info:    Checking defaults for TS1/cmr/m/n on input line 13.
LaTeX Font Info:    ... okay on input line 13.
LaTeX Font Info:    Checking defaults for OMX/cmex/m/n on input line 13.
LaTeX Font Info:    ... okay on input line 13.
LaTeX Font Info:    Checking defaults for U/cmr/m/n on input line 13.
LaTeX Font Info:    ... okay on input line 13.
LaTeX Font Info:    Checking defaults for PD1/pdf/m/n on input line 13.
LaTeX Font Info:    ... okay on input line 13.
LaTeX Font Info:    Checking defaults for PU/pdf/m/n on input line 13.
LaTeX Font Info:    ... okay on input line 13.
 (c:/texlive/2022/texmf-dist/tex/latex/graphics/color.sty
Package: color 2021/12/07 v1.3c Standard LaTeX Color (DPC)
 (c:/texlive/2022/texmf-dist/tex/latex/graphics-cfg/color.cfg
File: color.cfg 2016/01/02 v1.6 sample color configuration
)
Package color Info: Driver file: pdftex.def on input line 149.
)
Package hyperref Info: Link coloring ON on input line 13.
 (c:/texlive/2022/texmf-dist/tex/latex/hyperref/nameref.sty
Package: nameref 2021-04-02 v2.47 Cross-referencing by name of section
 (c:/texlive/2022/texmf-dist/tex/latex/refcount/refcount.sty
Package: refcount 2019/12/15 v3.6 Data extraction from label references (HO)
) (c:/texlive/2022/texmf-dist/tex/generic/gettitlestring/gettitlestring.sty
Package: gettitlestring 2019/12/15 v1.6 Cleanup title references (HO)
)
\c@section@level=\count271
)
LaTeX Info: Redefining \ref on input line 13.
LaTeX Info: Redefining \pageref on input line 13.
LaTeX Info: Redefining \nameref on input line 13.
 (./thesis-main.out) (./thesis-main.out)
\@outlinefile=\write3
\openout3 = `thesis-main.out'.

 (c:/texlive/2022/texmf-dist/tex/context/base/mkii/supp-pdf.mkii
[Loading MPS to PDF converter (version 2006.09.02).]
\scratchcounter=\count272
\scratchdimen=\dimen145
\scratchbox=\box51
\nofMPsegments=\count273
\nofMParguments=\count274
\everyMPshowfont=\toks17
\MPscratchCnt=\count275
\MPscratchDim=\dimen146
\MPnumerator=\count276
\makeMPintoPDFobject=\count277
\everyMPtoPDFconversion=\toks18
) (c:/texlive/2022/texmf-dist/tex/latex/epstopdf-pkg/epstopdf-base.sty
Package: epstopdf-base 2020-01-24 v2.11 Base part for package epstopdf
Package epstopdf-base Info: Redefining graphics rule for `.eps' on input line 485.
 (c:/texlive/2022/texmf-dist/tex/latex/latexconfig/epstopdf-sys.cfg
File: epstopdf-sys.cfg 2010/07/13 v1.3 Configuration of (r)epstopdf for TeX Live
))
\openout2 = `thesis-tap.aux'.

 (./thesis-tap.tex [1


{c:/texlive/2022/texmf-var/fonts/map/pdftex/updmap/pdftex.map}] [2] [3

] (./thesis-main.toc
LaTeX Font Info:    External font `cmex10' loaded for size
(Font)              <12> on input line 1.
LaTeX Font Info:    External font `cmex10' loaded for size
(Font)              <8> on input line 1.
LaTeX Font Info:    External font `cmex10' loaded for size
(Font)              <6> on input line 1.
 [4

])
\tf@toc=\write4
\openout4 = `thesis-main.toc'.

 [5]

Package hyperref Warning: bookmark level for unknown prefacesection defaults to 0.

(./thesis-main.lot)
\tf@lot=\write5
\openout5 = `thesis-main.lot'.

 [6

] (./thesis-main.lof)
\tf@lof=\write6
\openout6 = `thesis-main.lof'.

 [7

] [8

])
\openout2 = `chap1.aux'.

 (./chap1.tex
Chapter 1.
<./images/irsp_block_diagram.png, id=201, 534.19576pt x 205.36725pt>
File: ./images/irsp_block_diagram.png Graphic file (type png)
<use ./images/irsp_block_diagram.png>
Package pdftex.def Info: ./images/irsp_block_diagram.png  used on input line 12.
(pdftex.def)             Requested size: 284.52756pt x 109.3831pt.

LaTeX Warning: `h' float specifier changed to `ht'.


pdfTeX warning (ext4): destination with the same identifier (name{page.1}) has been already used, duplicate ignored
<to be read again> 
                   \relax 
l.18 
      [1




]
pdfTeX warning (ext4): destination with the same identifier (name{page.2}) has been already used, duplicate ignored
<to be read again> 
                   \relax 
l.21 ...istently stay within a certain range. \par
                                                   [2 <./images/irsp_block_diagram.png>]) [3]
\openout2 = `chap2.aux'.

 (./chap2.tex
Chapter 2.
<./images/system_overview.png, id=222, 525.162pt x 302.3295pt>
File: ./images/system_overview.png Graphic file (type png)
<use ./images/system_overview.png>
Package pdftex.def Info: ./images/system_overview.png  used on input line 7.
(pdftex.def)             Requested size: 284.52756pt x 163.79984pt.
[4




 <./images/system_overview.png>]
<./images/timeline1.png, id=232, 430.60875pt x 178.266pt>
File: ./images/timeline1.png Graphic file (type png)
<use ./images/timeline1.png>
Package pdftex.def Info: ./images/timeline1.png  used on input line 19.
(pdftex.def)             Requested size: 284.52756pt x 117.79192pt.
<./images/timeline2.png, id=234, 431.81325pt x 158.39175pt>
File: ./images/timeline2.png Graphic file (type png)
<use ./images/timeline2.png>
Package pdftex.def Info: ./images/timeline2.png  used on input line 25.
(pdftex.def)             Requested size: 284.52756pt x 104.3721pt.


LaTeX Warning: `h' float specifier changed to `ht'.

<./images/riic_cmos.png, id=236, 263.18324pt x 233.07076pt>
File: ./images/riic_cmos.png Graphic file (type png)
<use ./images/riic_cmos.png>
Package pdftex.def Info: ./images/riic_cmos.png  used on input line 34.
(pdftex.def)             Requested size: 227.62204pt x 201.58563pt.

LaTeX Warning: `h' float specifier changed to `ht'.

[5 <./images/timeline1.png>] [6 <./images/timeline2.png> <./images/riic_cmos.png>]
<./images/scene_gen_example.png, id=257, 287.8755pt x 181.27725pt>
File: ./images/scene_gen_example.png Graphic file (type png)
<use ./images/scene_gen_example.png>
Package pdftex.def Info: ./images/scene_gen_example.png  used on input line 49.
(pdftex.def)             Requested size: 426.79134pt x 268.78125pt.


LaTeX Warning: `h' float specifier changed to `ht'.

) [7] [8 <./images/scene_gen_example.png>]
\openout2 = `chap3.aux'.

 (./chap3.tex
Chapter 3.
<./images/display_protocol.png, id=269, 283.65974pt x 239.6955pt>
File: ./images/display_protocol.png Graphic file (type png)
<use ./images/display_protocol.png>
Package pdftex.def Info: ./images/display_protocol.png  used on input line 10.
(pdftex.def)             Requested size: 284.52756pt x 240.43004pt.

LaTeX Warning: `h' float specifier changed to `ht'.

[9




] [10 <./images/display_protocol.png>]
<./images/pdp_table.png, id=281, 498.06075pt x 108.405pt>
File: ./images/pdp_table.png Graphic file (type png)
<use ./images/pdp_table.png>
Package pdftex.def Info: ./images/pdp_table.png  used on input line 19.
(pdftex.def)             Requested size: 284.52756pt x 61.93208pt.
<./images/pdp_backwards_compatibility.png, id=282, 487.8225pt x 451.08525pt>
File: ./images/pdp_backwards_compatibility.png Graphic file (type png)
<use ./images/pdp_backwards_compatibility.png>
Package pdftex.def Info: ./images/pdp_backwards_compatibility.png  used on input line 26.
(pdftex.def)             Requested size: 284.52756pt x 263.10258pt.
) [11 <./images/pdp_table.png> <./images/pdp_backwards_compatibility.png>] [12]
\openout2 = `chap4.aux'.

 (./chap4.tex
Chapter 4.
<./images/cse_datapath.png, id=295, 461.92575pt x 158.39175pt>
File: ./images/cse_datapath.png Graphic file (type png)
<use ./images/cse_datapath.png>
Package pdftex.def Info: ./images/cse_datapath.png  used on input line 10.
(pdftex.def)             Requested size: 426.79134pt x 146.34813pt.

LaTeX Warning: `h' float specifier changed to `ht'.

) [13




] [14 <./images/cse_datapath.png>]
\openout2 = `chap5.aux'.

 (./chap5.tex
Chapter 5.
<./images/analog_stages.png, id=308, 391.4625pt x 159.59625pt>
File: ./images/analog_stages.png Graphic file (type png)
<use ./images/analog_stages.png>
Package pdftex.def Info: ./images/analog_stages.png  used on input line 8.
(pdftex.def)             Requested size: 391.46153pt x 159.59584pt.

LaTeX Warning: `h' float specifier changed to `ht'.

<./images/amp_prototype.png, id=311, 441.44925pt x 278.2395pt>
File: ./images/amp_prototype.png Graphic file (type png)
<use ./images/amp_prototype.png>
Package pdftex.def Info: ./images/amp_prototype.png  used on input line 15.
(pdftex.def)             Requested size: 426.79134pt x 269.00465pt.

LaTeX Warning: `h' float specifier changed to `ht'.

<./images/amp_final.png, id=313, 960.58875pt x 615.80063pt>
File: ./images/amp_final.png Graphic file (type png)
<use ./images/amp_final.png>
Package pdftex.def Info: ./images/amp_final.png  used on input line 21.
(pdftex.def)             Requested size: 426.79134pt x 273.60287pt.

LaTeX Warning: `h' float specifier changed to `ht'.

[15




] [16 <./images/analog_stages.png>]) [17 <./images/amp_prototype.png>] [18 <./images/amp_final.png>]
\openout2 = `chap6.aux'.

 (./chap6.tex
Chapter 6.
) [19




] (./thesis-main.bbl
Bibliography.

Package hyperref Warning: Token not allowed in a PDF string (Unicode):
(hyperref)                removing `\uppercase' on input line 1.

) [20



]
\openout2 = `appA.aux'.

 (./appA.tex
Appendix A.

Package hyperref Warning: bookmark level for unknown appendix defaults to 0.

) [21


]
\openout2 = `appB.aux'.


No file appB.tex.
(./thesis-main.aux (./thesis-tap.aux) (./chap1.aux) (./chap2.aux) (./chap3.aux) (./chap4.aux) (./chap5.aux) (./chap6.aux) (./appA.aux) (./appB.aux))
Package rerunfilecheck Info: File `thesis-main.out' has not changed.
(rerunfilecheck)             Checksum: D766D4A48C977740AC643F7D1A12280F;3885.
 ) 
Here is how much of TeX's memory you used:
 8891 strings out of 478238
 143476 string characters out of 5847939
 428716 words of memory out of 5000000
 26883 multiletter control sequences out of 15000+600000
 473284 words of font info for 41 fonts, out of 8000000 for 9000
 1141 hyphenation exceptions out of 8191
 71i,7n,74p,1294b,451s stack positions out of 10000i,1000n,20000p,200000b,200000s
{c:/texlive/2022/texmf-dist/fonts/enc/dvips/cm-super/cm-super-ts1.enc}<c:/texlive/2022/texmf-dist/fonts/type1/public/amsfonts/cm/cmbx12.pfb><c:/texlive/2022/texmf-dist/fonts/type1/public/amsfonts/cm/cmmi12.pfb><c:/texlive/2022/texmf-dist/fonts/type1/public/amsfonts/cm/cmmi6.pfb><c:/texlive/2022/texmf-dist/fonts/type1/public/amsfonts/cm/cmmi8.pfb><c:/texlive/2022/texmf-dist/fonts/type1/public/amsfonts/cm/cmr12.pfb><c:/texlive/2022/texmf-dist/fonts/type1/public/amsfonts/cm/cmr8.pfb><c:/texlive/2022/texmf-dist/fonts/type1/public/amsfonts/cm/cmti12.pfb><c:/texlive/2022/texmf-dist/fonts/type1/public/cm-super/sfrm1200.pfb>
Output written on thesis-main.pdf (29 pages, 2390822 bytes).
PDF statistics:
 408 PDF objects out of 1000 (max. 8388607)
 330 compressed objects within 4 object streams
 78 named destinations out of 1000 (max. 500000)
 322 words of extra memory for PDF output out of 10000 (max. 10000000)

